==============================================================================
Tests                                                                         
==============================================================================
Tests.AttemptBeGeek :: Attempt BeGeek Test Suite                              
==============================================================================
Short desc                                                            | PASS |
------------------------------------------------------------------------------
Long desc                                                             | PASS |
------------------------------------------------------------------------------
Empty desc                                                            | PASS |
------------------------------------------------------------------------------
Whats only ddd                                                        | PASS |
------------------------------------------------------------------------------
Whats only number                                                     | PASS |
------------------------------------------------------------------------------
Empty whats                                                           | PASS |
------------------------------------------------------------------------------
Cost letters                                                          | PASS |
------------------------------------------------------------------------------
Cost alpha                                                            | PASS |
------------------------------------------------------------------------------
Cost special                                                          | PASS |
------------------------------------------------------------------------------
Empty cost                                                            | PASS |
------------------------------------------------------------------------------
No printer repair                                                     | PASS |
------------------------------------------------------------------------------
No word                                                               | PASS |
------------------------------------------------------------------------------
Tests.AttemptBeGeek :: Attempt BeGeek Test Suite                      | PASS |
12 tests, 12 passed, 0 failed
==============================================================================
Tests                                                                 | PASS |
12 tests, 12 passed, 0 failed
==============================================================================
Output:  /Users/andre/Documents/Learning/QA Academy/GravidadeZERO/getgeeks/projects/frontend/logs/pabot_results/2/output.xml
