==============================================================================
Tests                                                                         
==============================================================================
Tests.Signup :: Signup Test Suite                                             
==============================================================================
Duplicate User                                                        | PASS |
------------------------------------------------------------------------------
Wrong Email                                                           | PASS |
------------------------------------------------------------------------------
Required Fields                                                       | PASS |
------------------------------------------------------------------------------
Short Password                                                        | PASS |
------------------------------------------------------------------------------
Tests.Signup :: Signup Test Suite                                     | PASS |
4 tests, 4 passed, 0 failed
==============================================================================
Tests                                                                 | PASS |
4 tests, 4 passed, 0 failed
==============================================================================
Output:  /Users/andre/Documents/Learning/QA Academy/GravidadeZERO/getgeeks/projects/frontend/logs/pabot_results/1/output.xml
