==============================================================================
Tests                                                                         
==============================================================================
Tests.Login :: Login Test Suite                                               
==============================================================================
Incorrect Pass                                                        | PASS |
------------------------------------------------------------------------------
User not found                                                        | PASS |
------------------------------------------------------------------------------
Incorrect Email                                                       | PASS |
------------------------------------------------------------------------------
Required Email                                                        | PASS |
------------------------------------------------------------------------------
Required Password                                                     | PASS |
------------------------------------------------------------------------------
Required Fields                                                       | PASS |
------------------------------------------------------------------------------
Tests.Login :: Login Test Suite                                       | PASS |
6 tests, 6 passed, 0 failed
==============================================================================
Tests                                                                 | PASS |
6 tests, 6 passed, 0 failed
==============================================================================
Output:  /Users/andre/Documents/Learning/QA Academy/GravidadeZERO/getgeeks/projects/frontend/logs/pabot_results/0/output.xml
